[logicworldinfotech.com/Ivan/index.html]
[backblue.gif]
[fade.gif]
[index.html]
[logicworldinfotech.com/Ivan/css/jquery.fancybox.css]
[logicworldinfotech.com/Ivan/css/styles.css]
[logicworldinfotech.com/Ivan/js/500px.js]
[logicworldinfotech.com/Ivan/js/YouTubeScript.js]
[logicworldinfotech.com/Ivan/js/isotope.min.js]
[logicworldinfotech.com/Ivan/js/jquery.fancybox.pack.js]
[logicworldinfotech.com/Ivan/js/main.js]
[logicworldinfotech.com/Ivan/index.html]
[logicworldinfotech.com/Ivan/js/fliplightbox.min.js]
[logicworldinfotech.com/Ivan/images/fancybox_sprite.png]
[logicworldinfotech.com/Ivan/images/fancybox_loading.gif]
[logicworldinfotech.com/Ivan/images/fancybox_overlay.png]
[logicworldinfotech.com/Ivan/images/fancybox_sprite@2x.png]
[logicworldinfotech.com/Ivan/css/jquery.fancybox.css]
[logicworldinfotech.com/Ivan/images/fancybox_loading@2x.gif]
[logicworldinfotech.com/Ivan/css/styles.css]
[logicworldinfotech.com/Ivan/images/blank.html]
